pagead2.googlesyndication.com/tag/js/gpt.js:1  Failed to load resource: net::ERR_BLOCKED_BY_CLIENT
s2s-client-v1.js:1  Failed to load resource: net::ERR_BLOCKED_BY_CLIENT
client-v2.js:1  Failed to load resource: net::ERR_BLOCKED_BY_CLIENT
s.w-x.co/helios/twc/1.65.0/helios.js:1  Failed to load resource: net::ERR_BLOCKED_BY_CLIENT
securepubads.g.doubleclick.net/pagead/ppub_config:1  Failed to load resource: net::ERR_BLOCKED_BY_CLIENT
?Goto=Redirected:67 Geolocation failed in saga: Error: Geolocation permission was previously denied.
    at locations.js:409:16
    at l (?Goto=Redirected:67:18100)
    at new Promise (<anonymous>)
    at new Promise (?Goto=Redirected:67:58963)
    at je (locations.js:397:10)
    at $ (main.c9d370a37375495c4cc2.js:42:2662)
    at z (main.c9d370a37375495c4cc2.js:45:1818)
    at ee (main.c9d370a37375495c4cc2.js:45:2303)
    at Se (main.c9d370a37375495c4cc2.js:45:1594)
    at At (main.c9d370a37375495c4cc2.js:45:2167)
l @ ?Goto=Redirected:67
?Goto=Redirected:67 Messaging without detection successfully executed.
?Goto=Redirected:67 interaction complete
?Goto=Redirected:67 Identity value for 'email' is falsy (). This value will be removed from the request.
l @ ?Goto=Redirected:67
?Goto=Redirected:67 Position latitude and/or longitude must both be of type number
l @ ?Goto=Redirected:67
?Goto=Redirected:67 For 'page-viewed', the corresponding attribute value of 'premiumContent' must be a string, number, boolean, or null.
l @ ?Goto=Redirected:67
?Goto=Redirected:67 For 'page-viewed', the corresponding attribute value of 'createdDate' must be a string, number, boolean, or null.
l @ ?Goto=Redirected:67
?Goto=Redirected:67 For 'page-viewed', the corresponding attribute value of 'contentId' must be a string, number, boolean, or null.
l @ ?Goto=Redirected:67
?Goto=Redirected:67 For 'page-viewed', the corresponding attribute value of 'publishDate' must be a string, number, boolean, or null.
l @ ?Goto=Redirected:67
?Goto=Redirected:67 For 'page-viewed', the corresponding attribute value of 'collection' must be a string, number, boolean, or null.
l @ ?Goto=Redirected:67
?Goto=Redirected:67 For 'page-viewed', the corresponding attribute value of 'pageTemplate' must be a string, number, boolean, or null.
l @ ?Goto=Redirected:67
?Goto=Redirected:67 For 'page-viewed', the corresponding attribute value of 'provider' must be a string, number, boolean, or null.
l @ ?Goto=Redirected:67
?Goto=Redirected:67 For 'page-viewed', the corresponding attribute value of 'sourcePosition' must be a string, number, boolean, or null.
l @ ?Goto=Redirected:67
?Goto=Redirected:67 [GSI_LOGGER]: Your client application uses one of the Google One Tap prompt UI status methods that may stop functioning when FedCM becomes mandatory. Refer to the migration guide to update your code accordingly and opt-in to FedCM to test your changes. Learn more: https://developers.google.com/identity/gsi/web/guides/fedcm-migration?s=dc#display_moment and https://developers.google.com/identity/gsi/web/guides/fedcm-migration?s=dc#skipped_moment
l @ ?Goto=Redirected:67
?Goto=Redirected:1 FedCM was disabled either temporarily based on previous user action or permanently via site settings. Try manage third-party sign-in via the icon to the left of the URL bar or via site settings.
react-dom.production.min.js:131 Uncaught Error: Minified React error #418; visit https://reactjs.org/docs/error-decoder.html?invariant=418 for the full message or use the non-minified dev environment for full errors and additional helpful warnings.
    at wi (react-dom.production.min.js:131:159)
    at ua (react-dom.production.min.js:292:379)
    at ta (react-dom.production.min.js:279:389)
    at Zc (react-dom.production.min.js:279:320)
    at ml (react-dom.production.min.js:279:180)
    at qs (react-dom.production.min.js:267:209)
    at Ln (scheduler.production.min.js:13:203)
    at MessagePort.Gn (scheduler.production.min.js:14:128)
react-dom.production.min.js:131 Uncaught Error: Minified React error #418; visit https://reactjs.org/docs/error-decoder.html?invariant=418 for the full message or use the non-minified dev environment for full errors and additional helpful warnings.
    at wi (react-dom.production.min.js:131:159)
    at ua (react-dom.production.min.js:292:379)
    at ta (react-dom.production.min.js:279:389)
    at Zc (react-dom.production.min.js:279:320)
    at ml (react-dom.production.min.js:279:180)
    at qs (react-dom.production.min.js:267:209)
    at Ln (scheduler.production.min.js:13:203)
    at MessagePort.Gn (scheduler.production.min.js:14:128)
react-dom.production.min.js:131 Uncaught Error: Minified React error #418; visit https://reactjs.org/docs/error-decoder.html?invariant=418 for the full message or use the non-minified dev environment for full errors and additional helpful warnings.
    at wi (react-dom.production.min.js:131:159)
    at ua (react-dom.production.min.js:292:379)
    at ta (react-dom.production.min.js:279:389)
    at Zc (react-dom.production.min.js:279:320)
    at ml (react-dom.production.min.js:279:180)
    at qs (react-dom.production.min.js:267:209)
    at Ln (scheduler.production.min.js:13:203)
    at MessagePort.Gn (scheduler.production.min.js:14:128)
react-dom.production.min.js:131 Uncaught Error: Minified React error #418; visit https://reactjs.org/docs/error-decoder.html?invariant=418 for the full message or use the non-minified dev environment for full errors and additional helpful warnings.
    at wi (react-dom.production.min.js:131:159)
    at ua (react-dom.production.min.js:292:379)
    at ta (react-dom.production.min.js:279:389)
    at Zc (react-dom.production.min.js:279:320)
    at ml (react-dom.production.min.js:279:180)
    at qs (react-dom.production.min.js:267:209)
    at Ln (scheduler.production.min.js:13:203)
    at MessagePort.Gn (scheduler.production.min.js:14:128)
react-dom.production.min.js:131 Uncaught Error: Minified React error #418; visit https://reactjs.org/docs/error-decoder.html?invariant=418 for the full message or use the non-minified dev environment for full errors and additional helpful warnings.
    at wi (react-dom.production.min.js:131:159)
    at ua (react-dom.production.min.js:292:379)
    at ta (react-dom.production.min.js:279:389)
    at Zc (react-dom.production.min.js:279:320)
    at ml (react-dom.production.min.js:279:180)
    at qs (react-dom.production.min.js:267:209)
    at Ln (scheduler.production.min.js:13:203)
    at MessagePort.Gn (scheduler.production.min.js:14:128)
react-dom.production.min.js:292 Uncaught Error: Minified React error #423; visit https://reactjs.org/docs/error-decoder.html?invariant=423 for the full message or use the non-minified dev environment for full errors and additional helpful warnings.
    at ua (react-dom.production.min.js:292:39)
    at ta (react-dom.production.min.js:279:389)
    at Zc (react-dom.production.min.js:279:320)
    at ml (react-dom.production.min.js:279:180)
    at iu (react-dom.production.min.js:270:88)
    at qs (react-dom.production.min.js:267:429)
    at Ln (scheduler.production.min.js:13:203)
    at MessagePort.Gn (scheduler.production.min.js:14:128)
?Goto=Redirected:67 Invalid policy position: auto - thumbnails-d-1x1
l @ ?Goto=Redirected:67
react-dom.production.min.js:131 Uncaught Error: Minified React error #418; visit https://reactjs.org/docs/error-decoder.html?invariant=418 for the full message or use the non-minified dev environment for full errors and additional helpful warnings.
    at wi (react-dom.production.min.js:131:159)
    at ua (react-dom.production.min.js:292:379)
    at ta (react-dom.production.min.js:279:389)
    at Zc (react-dom.production.min.js:279:320)
    at ml (react-dom.production.min.js:279:180)
    at qs (react-dom.production.min.js:267:209)
    at Ln (scheduler.production.min.js:13:203)
    at MessagePort.Gn (scheduler.production.min.js:14:128)
react-dom.production.min.js:292 Uncaught Error: Minified React error #423; visit https://reactjs.org/docs/error-decoder.html?invariant=423 for the full message or use the non-minified dev environment for full errors and additional helpful warnings.
    at ua (react-dom.production.min.js:292:39)
    at ta (react-dom.production.min.js:279:389)
    at Zc (react-dom.production.min.js:279:320)
    at ml (react-dom.production.min.js:279:180)
    at iu (react-dom.production.min.js:270:88)
    at qs (react-dom.production.min.js:267:429)
    at Ln (scheduler.production.min.js:13:203)
    at MessagePort.Gn (scheduler.production.min.js:14:128)
?Goto=Redirected:67 publisher-end divID: #internal_trc_trc_5528322607: not found
l @ ?Goto=Redirected:67
?Goto=Redirected:67 publisher-end divID: #internal_trc_trc_5542515084: not found
l @ ?Goto=Redirected:67
?Goto=Redirected:67 publisher-end divID: #internal_trc_trc_3947669792: not found
l @ ?Goto=Redirected:67
?Goto=Redirected:67 For 'module-viewed', the corresponding attribute value of 'moduleTitle' must be a string, number, boolean, or null.
l @ ?Goto=Redirected:67
?Goto=Redirected:67 For 'module-viewed', the corresponding attribute value of 'upsellCampaign' must be a string, number, boolean, or null.
l @ ?Goto=Redirected:67
?Goto=Redirected:67 For 'module-viewed', the corresponding attribute value of 'upsellCreative' must be a string, number, boolean, or null.
l @ ?Goto=Redirected:67
?Goto=Redirected:67 For 'module-viewed', the corresponding attribute value of 'upsellPlacement' must be a string, number, boolean, or null.
l @ ?Goto=Redirected:67
?Goto=Redirected:67 For 'module-viewed', the corresponding attribute value of 'schemaVersion' must be a string, number, boolean, or null.
l @ ?Goto=Redirected:67
?Goto=Redirected:67 For 'module-viewed', the corresponding attribute value of 'upsellCampaign' must be a string, number, boolean, or null.
l @ ?Goto=Redirected:67
?Goto=Redirected:67 For 'module-viewed', the corresponding attribute value of 'upsellCreative' must be a string, number, boolean, or null.
l @ ?Goto=Redirected:67
?Goto=Redirected:67 For 'module-viewed', the corresponding attribute value of 'upsellPlacement' must be a string, number, boolean, or null.
l @ ?Goto=Redirected:67
?Goto=Redirected:67 For 'module-viewed', the corresponding attribute value of 'schemaVersion' must be a string, number, boolean, or null.
l @ ?Goto=Redirected:67
?Goto=Redirected:67 For 'module-viewed', the corresponding attribute value of 'upsellCampaign' must be a string, number, boolean, or null.
l @ ?Goto=Redirected:67
?Goto=Redirected:67 For 'module-viewed', the corresponding attribute value of 'upsellCreative' must be a string, number, boolean, or null.
l @ ?Goto=Redirected:67
?Goto=Redirected:67 For 'module-viewed', the corresponding attribute value of 'upsellPlacement' must be a string, number, boolean, or null.
l @ ?Goto=Redirected:67
?Goto=Redirected:67 For 'module-viewed', the corresponding attribute value of 'schemaVersion' must be a string, number, boolean, or null.
l @ ?Goto=Redirected:67
?Goto=Redirected:67 For 'module-viewed', the corresponding attribute value of 'moduleTitle' must be a string, number, boolean, or null.
l @ ?Goto=Redirected:67
?Goto=Redirected:67 For 'module-viewed', the corresponding attribute value of 'upsellCampaign' must be a string, number, boolean, or null.
l @ ?Goto=Redirected:67
?Goto=Redirected:67 For 'module-viewed', the corresponding attribute value of 'upsellCreative' must be a string, number, boolean, or null.
l @ ?Goto=Redirected:67
?Goto=Redirected:67 For 'module-viewed', the corresponding attribute value of 'upsellPlacement' must be a string, number, boolean, or null.
l @ ?Goto=Redirected:67
?Goto=Redirected:67 For 'module-viewed', the corresponding attribute value of 'schemaVersion' must be a string, number, boolean, or null.
l @ ?Goto=Redirected:67
?Goto=Redirected:67 For 'module-viewed', the corresponding attribute value of 'moduleTitle' must be a string, number, boolean, or null.
l @ ?Goto=Redirected:67
?Goto=Redirected:67 For 'module-viewed', the corresponding attribute value of 'upsellCampaign' must be a string, number, boolean, or null.
l @ ?Goto=Redirected:67
?Goto=Redirected:67 For 'module-viewed', the corresponding attribute value of 'upsellCreative' must be a string, number, boolean, or null.
l @ ?Goto=Redirected:67
?Goto=Redirected:67 For 'module-viewed', the corresponding attribute value of 'upsellPlacement' must be a string, number, boolean, or null.
l @ ?Goto=Redirected:67
?Goto=Redirected:67 For 'module-viewed', the corresponding attribute value of 'schemaVersion' must be a string, number, boolean, or null.
l @ ?Goto=Redirected:67
?Goto=Redirected:67 For 'module-viewed', the corresponding attribute value of 'moduleTitle' must be a string, number, boolean, or null.
l @ ?Goto=Redirected:67
?Goto=Redirected:67 For 'module-viewed', the corresponding attribute value of 'upsellCampaign' must be a string, number, boolean, or null.
l @ ?Goto=Redirected:67
?Goto=Redirected:67 For 'module-viewed', the corresponding attribute value of 'upsellCreative' must be a string, number, boolean, or null.
l @ ?Goto=Redirected:67
?Goto=Redirected:67 For 'module-viewed', the corresponding attribute value of 'upsellPlacement' must be a string, number, boolean, or null.
l @ ?Goto=Redirected:67
?Goto=Redirected:67 For 'module-viewed', the corresponding attribute value of 'schemaVersion' must be a string, number, boolean, or null.
l @ ?Goto=Redirected:67
?Goto=Redirected:67 [GSI_LOGGER]: FedCM get() rejects with AbortError: signal is aborted without reason
l @ ?Goto=Redirected:67
?Goto=Redirected:1 FedCM was disabled either temporarily based on previous user action or permanently via site settings. Try manage third-party sign-in via the icon to the left of the URL bar or via site settings.
The resource <URL> was preloaded using link preload but not used within a few seconds from the window's load event. Please make sure it has an appropriate `as` value and it is preloaded intentionally.
The resource <URL> was preloaded using link preload but not used within a few seconds from the window's load event. Please make sure it has an appropriate `as` value and it is preloaded intentionally.
The resource <URL> was preloaded using link preload but not used within a few seconds from the window's load event. Please make sure it has an appropriate `as` value and it is preloaded intentionally.
The resource <URL> was preloaded using link preload but not used within a few seconds from the window's load event. Please make sure it has an appropriate `as` value and it is preloaded intentionally.
The resource <URL> was preloaded using link preload but not used within a few seconds from the window's load event. Please make sure it has an appropriate `as` value and it is preloaded intentionally.
The resource <URL> was preloaded using link preload but not used within a few seconds from the window's load event. Please make sure it has an appropriate `as` value and it is preloaded intentionally.
The resource <URL> was preloaded using link preload but not used within a few seconds from the window's load event. Please make sure it has an appropriate `as` value and it is preloaded intentionally.
The resource <URL> was preloaded using link preload but not used within a few seconds from the window's load event. Please make sure it has an appropriate `as` value and it is preloaded intentionally.
The resource <URL> was preloaded using link preload but not used within a few seconds from the window's load event. Please make sure it has an appropriate `as` value and it is preloaded intentionally.
The resource <URL> was preloaded using link preload but not used within a few seconds from the window's load event. Please make sure it has an appropriate `as` value and it is preloaded intentionally.
The resource <URL> was preloaded using link preload but not used within a few seconds from the window's load event. Please make sure it has an appropriate `as` value and it is preloaded intentionally.
The resource <URL> was preloaded using link preload but not used within a few seconds from the window's load event. Please make sure it has an appropriate `as` value and it is preloaded intentionally.
The resource <URL> was preloaded using link preload but not used within a few seconds from the window's load event. Please make sure it has an appropriate `as` value and it is preloaded intentionally.
The resource <URL> was preloaded using link preload but not used within a few seconds from the window's load event. Please make sure it has an appropriate `as` value and it is preloaded intentionally.
The resource <URL> was preloaded using link preload but not used within a few seconds from the window's load event. Please make sure it has an appropriate `as` value and it is preloaded intentionally.
The resource <URL> was preloaded using link preload but not used within a few seconds from the window's load event. Please make sure it has an appropriate `as` value and it is preloaded intentionally.
The resource <URL> was preloaded using link preload but not used within a few seconds from the window's load event. Please make sure it has an appropriate `as` value and it is preloaded intentionally.
The resource <URL> was preloaded using link preload but not used within a few seconds from the window's load event. Please make sure it has an appropriate `as` value and it is preloaded intentionally.
The resource <URL> was preloaded using link preload but not used within a few seconds from the window's load event. Please make sure it has an appropriate `as` value and it is preloaded intentionally.
The resource <URL> was preloaded using link preload but not used within a few seconds from the window's load event. Please make sure it has an appropriate `as` value and it is preloaded intentionally.
The resource <URL> was preloaded using link preload but not used within a few seconds from the window's load event. Please make sure it has an appropriate `as` value and it is preloaded intentionally.
The resource <URL> was preloaded using link preload but not used within a few seconds from the window's load event. Please make sure it has an appropriate `as` value and it is preloaded intentionally.
The resource <URL> was preloaded using link preload but not used within a few seconds from the window's load event. Please make sure it has an appropriate `as` value and it is preloaded intentionally.
The resource <URL> was preloaded using link preload but not used within a few seconds from the window's load event. Please make sure it has an appropriate `as` value and it is preloaded intentionally.
The resource <URL> was preloaded using link preload but not used within a few seconds from the window's load event. Please make sure it has an appropriate `as` value and it is preloaded intentionally.
The resource <URL> was preloaded using link preload but not used within a few seconds from the window's load event. Please make sure it has an appropriate `as` value and it is preloaded intentionally.
The resource <URL> was preloaded using link preload but not used within a few seconds from the window's load event. Please make sure it has an appropriate `as` value and it is preloaded intentionally.
?Goto=Redirected:67 [GSI_LOGGER]: FedCM get() rejects with NetworkError: Error retrieving a token.
l @ ?Goto=Redirected:67
